<?xml version="1.0" encoding="UTF-8"?>
<testng-results ignored="0" total="3" passed="3" failed="0" skipped="0">
  <reporter-output>
  </reporter-output>
  <suite started-at="2024-11-22T11:14:43 IST" name="Default suite" finished-at="2024-11-22T11:14:56 IST" duration-ms="13222">
    <groups>
    </groups>
    <test started-at="2024-11-22T11:14:43 IST" name="Default test" finished-at="2024-11-22T11:14:56 IST" duration-ms="13222">
      <class name="visit.ictkerala.pages.AddNewVisit_TestSuite">
        <test-method is-config="true" signature="setBrowser()[pri:0, instance:visit.ictkerala.pages.AddNewVisit_TestSuite@15de0b3c]" started-at="2024-11-22T11:14:43 IST" name="setBrowser" finished-at="2024-11-22T11:14:46 IST" duration-ms="2385" status="PASS">
          <reporter-output>
          </reporter-output>
        </test-method> <!-- setBrowser -->
        <test-method signature="show_AddNewVisitButton()[pri:1, instance:visit.ictkerala.pages.AddNewVisit_TestSuite@15de0b3c]" started-at="2024-11-22T11:14:46 IST" name="show_AddNewVisitButton" finished-at="2024-11-22T11:14:46 IST" duration-ms="768" status="PASS">
          <reporter-output>
          </reporter-output>
        </test-method> <!-- show_AddNewVisitButton -->
        <test-method signature="click_AddNewVisitButton()[pri:2, instance:visit.ictkerala.pages.AddNewVisit_TestSuite@15de0b3c]" started-at="2024-11-22T11:14:46 IST" name="click_AddNewVisitButton" finished-at="2024-11-22T11:14:47 IST" duration-ms="138" status="PASS">
          <reporter-output>
          </reporter-output>
        </test-method> <!-- click_AddNewVisitButton -->
        <test-method signature="addVisit_NewPage()[pri:3, instance:visit.ictkerala.pages.AddNewVisit_TestSuite@15de0b3c]" started-at="2024-11-22T11:14:47 IST" name="addVisit_NewPage" finished-at="2024-11-22T11:14:56 IST" duration-ms="9818" status="PASS">
          <reporter-output>
          </reporter-output>
        </test-method> <!-- addVisit_NewPage -->
        <test-method is-config="true" signature="browserQuit()[pri:0, instance:visit.ictkerala.pages.AddNewVisit_TestSuite@15de0b3c]" started-at="2024-11-22T11:14:56 IST" name="browserQuit" finished-at="2024-11-22T11:14:56 IST" duration-ms="50" status="PASS">
          <reporter-output>
          </reporter-output>
        </test-method> <!-- browserQuit -->
      </class> <!-- visit.ictkerala.pages.AddNewVisit_TestSuite -->
    </test> <!-- Default test -->
  </suite> <!-- Default suite -->
</testng-results>
